<?xml version="1.0" encoding="UTF-8"?>
<coverage generated="1702345847105" clover="3.2.0">
  <project timestamp="1702345847105" name="All files">
    <metrics statements="34" coveredstatements="33" conditionals="12" coveredconditionals="11" methods="16" coveredmethods="16" elements="62" coveredelements="60" complexity="0" loc="34" ncloc="34" packages="6" files="11" classes="11"/>
    <package name="src">
      <metrics statements="1" coveredstatements="0" conditionals="0" coveredconditionals="0" methods="0" coveredmethods="0"/>
      <file name="main.jsx" path="/home/matheus/Documentos/projects/frontend-landing-page-js/src/main.jsx">
        <metrics statements="1" coveredstatements="0" conditionals="0" coveredconditionals="0" methods="0" coveredmethods="0"/>
        <line num="7" count="0" type="stmt"/>
      </file>
    </package>
    <package name="src.components.Heading">
      <metrics statements="12" coveredstatements="12" conditionals="8" coveredconditionals="7" methods="8" coveredmethods="8"/>
      <file name="index.jsx" path="/home/matheus/Documentos/projects/frontend-landing-page-js/src/components/Heading/index.jsx">
        <metrics statements="3" coveredstatements="3" conditionals="4" coveredconditionals="4" methods="1" coveredmethods="1"/>
        <line num="4" count="2" type="stmt"/>
        <line num="11" count="10" type="stmt"/>
        <line num="23" count="2" type="stmt"/>
      </file>
      <file name="styled.js" path="/home/matheus/Documentos/projects/frontend-landing-page-js/src/components/Heading/styled.js">
        <metrics statements="9" coveredstatements="9" conditionals="4" coveredconditionals="3" methods="7" coveredmethods="7"/>
        <line num="3" count="2" type="stmt"/>
        <line num="4" count="1" type="stmt"/>
        <line num="7" count="1" type="stmt"/>
        <line num="10" count="1" type="stmt"/>
        <line num="13" count="7" type="stmt"/>
        <line num="19" count="2" type="stmt"/>
        <line num="20" count="10" type="stmt"/>
        <line num="28" count="10" type="stmt"/>
        <line num="32" count="17" type="stmt"/>
      </file>
    </package>
    <package name="src.components.MenuLink">
      <metrics statements="6" coveredstatements="6" conditionals="3" coveredconditionals="3" methods="2" coveredmethods="2"/>
      <file name="index.jsx" path="/home/matheus/Documentos/projects/frontend-landing-page-js/src/components/MenuLink/index.jsx">
        <metrics statements="4" coveredstatements="4" conditionals="3" coveredconditionals="3" methods="1" coveredmethods="1"/>
        <line num="4" count="2" type="cond" truecount="1" falsecount="0"/>
        <line num="5" count="19" type="cond" truecount="2" falsecount="0"/>
        <line num="6" count="19" type="stmt"/>
        <line num="13" count="2" type="stmt"/>
      </file>
      <file name="styled.js" path="/home/matheus/Documentos/projects/frontend-landing-page-js/src/components/MenuLink/styled.js">
        <metrics statements="2" coveredstatements="2" conditionals="0" coveredconditionals="0" methods="1" coveredmethods="1"/>
        <line num="4" count="2" type="stmt"/>
        <line num="5" count="19" type="stmt"/>
      </file>
    </package>
    <package name="src.components.NavLinks">
      <metrics statements="6" coveredstatements="6" conditionals="1" coveredconditionals="1" methods="3" coveredmethods="3"/>
      <file name="index.jsx" path="/home/matheus/Documentos/projects/frontend-landing-page-js/src/components/NavLinks/index.jsx">
        <metrics statements="4" coveredstatements="4" conditionals="1" coveredconditionals="1" methods="2" coveredmethods="2"/>
        <line num="5" count="1" type="cond" truecount="1" falsecount="0"/>
        <line num="6" count="3" type="stmt"/>
        <line num="9" count="16" type="stmt"/>
        <line num="15" count="1" type="stmt"/>
      </file>
      <file name="styled.js" path="/home/matheus/Documentos/projects/frontend-landing-page-js/src/components/NavLinks/styled.js">
        <metrics statements="2" coveredstatements="2" conditionals="0" coveredconditionals="0" methods="1" coveredmethods="1"/>
        <line num="4" count="1" type="stmt"/>
        <line num="5" count="3" type="stmt"/>
      </file>
    </package>
    <package name="src.components.Text">
      <metrics statements="5" coveredstatements="5" conditionals="0" coveredconditionals="0" methods="2" coveredmethods="2"/>
      <file name="index.jsx" path="/home/matheus/Documentos/projects/frontend-landing-page-js/src/components/Text/index.jsx">
        <metrics statements="3" coveredstatements="3" conditionals="0" coveredconditionals="0" methods="1" coveredmethods="1"/>
        <line num="4" count="1" type="stmt"/>
        <line num="5" count="2" type="stmt"/>
        <line num="8" count="1" type="stmt"/>
      </file>
      <file name="styled.js" path="/home/matheus/Documentos/projects/frontend-landing-page-js/src/components/Text/styled.js">
        <metrics statements="2" coveredstatements="2" conditionals="0" coveredconditionals="0" methods="1" coveredmethods="1"/>
        <line num="3" count="1" type="stmt"/>
        <line num="4" count="2" type="stmt"/>
      </file>
    </package>
    <package name="src.templates.App">
      <metrics statements="4" coveredstatements="4" conditionals="0" coveredconditionals="0" methods="1" coveredmethods="1"/>
      <file name="index.jsx" path="/home/matheus/Documentos/projects/frontend-landing-page-js/src/templates/App/index.jsx">
        <metrics statements="3" coveredstatements="3" conditionals="0" coveredconditionals="0" methods="1" coveredmethods="1"/>
        <line num="5" count="1" type="stmt"/>
        <line num="6" count="1" type="stmt"/>
        <line num="13" count="1" type="stmt"/>
      </file>
      <file name="styles.js" path="/home/matheus/Documentos/projects/frontend-landing-page-js/src/templates/App/styles.js">
        <metrics statements="1" coveredstatements="1" conditionals="0" coveredconditionals="0" methods="0" coveredmethods="0"/>
        <line num="3" count="1" type="stmt"/>
      </file>
    </package>
  </project>
</coverage>
