<?xml version="1.0" encoding="UTF-8"?>
<coverage generated="1702269506738" clover="3.2.0">
  <project timestamp="1702269506738" name="All files">
    <metrics statements="17" coveredstatements="16" conditionals="8" coveredconditionals="7" methods="9" coveredmethods="9" elements="34" coveredelements="32" complexity="0" loc="17" ncloc="17" packages="3" files="5" classes="5"/>
    <package name="src">
      <metrics statements="1" coveredstatements="0" conditionals="0" coveredconditionals="0" methods="0" coveredmethods="0"/>
      <file name="main.jsx" path="/home/matheus/Documentos/projects/frontend-landing-page-js/src/main.jsx">
        <metrics statements="1" coveredstatements="0" conditionals="0" coveredconditionals="0" methods="0" coveredmethods="0"/>
        <line num="7" count="0" type="stmt"/>
      </file>
    </package>
    <package name="src.components.Heading">
      <metrics statements="12" coveredstatements="12" conditionals="8" coveredconditionals="7" methods="8" coveredmethods="8"/>
      <file name="index.jsx" path="/home/matheus/Documentos/projects/frontend-landing-page-js/src/components/Heading/index.jsx">
        <metrics statements="3" coveredstatements="3" conditionals="4" coveredconditionals="4" methods="1" coveredmethods="1"/>
        <line num="4" count="2" type="stmt"/>
        <line num="11" count="9" type="stmt"/>
        <line num="23" count="2" type="stmt"/>
      </file>
      <file name="styled.js" path="/home/matheus/Documentos/projects/frontend-landing-page-js/src/components/Heading/styled.js">
        <metrics statements="9" coveredstatements="9" conditionals="4" coveredconditionals="3" methods="7" coveredmethods="7"/>
        <line num="3" count="2" type="stmt"/>
        <line num="4" count="1" type="stmt"/>
        <line num="7" count="1" type="stmt"/>
        <line num="10" count="1" type="stmt"/>
        <line num="13" count="6" type="stmt"/>
        <line num="19" count="2" type="stmt"/>
        <line num="20" count="9" type="stmt"/>
        <line num="27" count="9" type="stmt"/>
        <line num="31" count="6" type="stmt"/>
      </file>
    </package>
    <package name="src.templates.App">
      <metrics statements="4" coveredstatements="4" conditionals="0" coveredconditionals="0" methods="1" coveredmethods="1"/>
      <file name="index.jsx" path="/home/matheus/Documentos/projects/frontend-landing-page-js/src/templates/App/index.jsx">
        <metrics statements="3" coveredstatements="3" conditionals="0" coveredconditionals="0" methods="1" coveredmethods="1"/>
        <line num="5" count="1" type="stmt"/>
        <line num="6" count="1" type="stmt"/>
        <line num="13" count="1" type="stmt"/>
      </file>
      <file name="styles.js" path="/home/matheus/Documentos/projects/frontend-landing-page-js/src/templates/App/styles.js">
        <metrics statements="1" coveredstatements="1" conditionals="0" coveredconditionals="0" methods="0" coveredmethods="0"/>
        <line num="3" count="1" type="stmt"/>
      </file>
    </package>
  </project>
</coverage>
