{"/home/matheus/Documentos/projects/frontend-landing-page-js/src/main.jsx": {"path":"/home/matheus/Documentos/projects/frontend-landing-page-js/src/main.jsx","statementMap":{"0":{"start":{"line":7,"column":0},"end":{"line":13,"column":2}}},"fnMap":{},"branchMap":{},"s":{"0":0},"f":{},"b":{}}
,"/home/matheus/Documentos/projects/frontend-landing-page-js/src/components/Heading/index.jsx": {"path":"/home/matheus/Documentos/projects/frontend-landing-page-js/src/components/Heading/index.jsx","statementMap":{"0":{"start":{"line":4,"column":23},"end":{"line":21,"column":1}},"1":{"start":{"line":11,"column":2},"end":{"line":20,"column":4}},"2":{"start":{"line":23,"column":0},"end":{"line":29,"column":2}}},"fnMap":{"0":{"name":"(anonymous_0)","decl":{"start":{"line":4,"column":23},"end":{"line":4,"column":24}},"loc":{"start":{"line":10,"column":6},"end":{"line":21,"column":1}},"line":10}},"branchMap":{"0":{"loc":{"start":{"line":6,"column":2},"end":{"line":6,"column":19}},"type":"default-arg","locations":[{"start":{"line":6,"column":15},"end":{"line":6,"column":19}}],"line":6},"1":{"loc":{"start":{"line":7,"column":2},"end":{"line":7,"column":11}},"type":"default-arg","locations":[{"start":{"line":7,"column":7},"end":{"line":7,"column":11}}],"line":7},"2":{"loc":{"start":{"line":8,"column":2},"end":{"line":8,"column":15}},"type":"default-arg","locations":[{"start":{"line":8,"column":9},"end":{"line":8,"column":15}}],"line":8},"3":{"loc":{"start":{"line":9,"column":2},"end":{"line":9,"column":19}},"type":"default-arg","locations":[{"start":{"line":9,"column":15},"end":{"line":9,"column":19}}],"line":9}},"s":{"0":2,"1":9,"2":2},"f":{"0":9},"b":{"0":[8],"1":[8],"2":[5],"3":[8]},"_coverageSchema":"1a1c01bbd47fc00a2c39e90264f33305004495a9","hash":"78d9eb70f01ef69ca92c4b41552b92ee094ad111"}
,"/home/matheus/Documentos/projects/frontend-landing-page-js/src/components/Heading/styled.js": {"path":"/home/matheus/Documentos/projects/frontend-landing-page-js/src/components/Heading/styled.js","statementMap":{"0":{"start":{"line":3,"column":18},"end":{"line":17,"column":1}},"1":{"start":{"line":4,"column":20},"end":{"line":6,"column":3}},"2":{"start":{"line":7,"column":21},"end":{"line":9,"column":3}},"3":{"start":{"line":10,"column":18},"end":{"line":12,"column":3}},"4":{"start":{"line":13,"column":19},"end":{"line":16,"column":1}},"5":{"start":{"line":19,"column":21},"end":{"line":25,"column":1}},"6":{"start":{"line":20,"column":48},"end":{"line":24,"column":2}},"7":{"start":{"line":27,"column":18},"end":{"line":29,"column":1}},"8":{"start":{"line":27,"column":34},"end":{"line":29,"column":1}},"9":{"start":{"line":31,"column":18},"end":{"line":35,"column":1}},"10":{"start":{"line":31,"column":29},"end":{"line":35,"column":1}}},"fnMap":{"0":{"name":"(anonymous_0)","decl":{"start":{"line":4,"column":9},"end":{"line":4,"column":10}},"loc":{"start":{"line":4,"column":20},"end":{"line":6,"column":3}},"line":4},"1":{"name":"(anonymous_1)","decl":{"start":{"line":7,"column":10},"end":{"line":7,"column":11}},"loc":{"start":{"line":7,"column":21},"end":{"line":9,"column":3}},"line":7},"2":{"name":"(anonymous_2)","decl":{"start":{"line":10,"column":7},"end":{"line":10,"column":8}},"loc":{"start":{"line":10,"column":18},"end":{"line":12,"column":3}},"line":10},"3":{"name":"(anonymous_3)","decl":{"start":{"line":13,"column":8},"end":{"line":13,"column":9}},"loc":{"start":{"line":13,"column":19},"end":{"line":16,"column":1}},"line":13},"4":{"name":"(anonymous_4)","decl":{"start":{"line":20,"column":3},"end":{"line":20,"column":4}},"loc":{"start":{"line":20,"column":48},"end":{"line":24,"column":2}},"line":20},"5":{"name":"(anonymous_5)","decl":{"start":{"line":27,"column":18},"end":{"line":27,"column":19}},"loc":{"start":{"line":27,"column":34},"end":{"line":29,"column":1}},"line":27},"6":{"name":"(anonymous_6)","decl":{"start":{"line":31,"column":18},"end":{"line":31,"column":19}},"loc":{"start":{"line":31,"column":29},"end":{"line":35,"column":1}},"line":31}},"branchMap":{"0":{"loc":{"start":{"line":21,"column":11},"end":{"line":21,"column":62}},"type":"cond-expr","locations":[{"start":{"line":21,"column":24},"end":{"line":21,"column":41}},{"start":{"line":21,"column":44},"end":{"line":21,"column":62}}],"line":21},"1":{"loc":{"start":{"line":28,"column":20},"end":{"line":28,"column":53}},"type":"cond-expr","locations":[{"start":{"line":28,"column":33},"end":{"line":28,"column":44}},{"start":{"line":28,"column":47},"end":{"line":28,"column":53}}],"line":28}},"s":{"0":2,"1":1,"2":1,"3":1,"4":6,"5":2,"6":9,"7":2,"8":9,"9":2,"10":6},"f":{"0":1,"1":1,"2":1,"3":6,"4":9,"5":9,"6":6},"b":{"0":[8,1],"1":[9,0]},"_coverageSchema":"1a1c01bbd47fc00a2c39e90264f33305004495a9","hash":"6e7948e21b4344d8576d7fa3de030e54b9d8ded1"}
,"/home/matheus/Documentos/projects/frontend-landing-page-js/src/templates/App/index.jsx": {"path":"/home/matheus/Documentos/projects/frontend-landing-page-js/src/templates/App/index.jsx","statementMap":{"0":{"start":{"line":5,"column":19},"end":{"line":11,"column":1}},"1":{"start":{"line":6,"column":2},"end":{"line":10,"column":4}},"2":{"start":{"line":13,"column":0},"end":{"line":15,"column":2}}},"fnMap":{"0":{"name":"(anonymous_0)","decl":{"start":{"line":5,"column":19},"end":{"line":5,"column":20}},"loc":{"start":{"line":5,"column":25},"end":{"line":11,"column":1}},"line":5}},"branchMap":{},"s":{"0":1,"1":1,"2":1},"f":{"0":1},"b":{},"_coverageSchema":"1a1c01bbd47fc00a2c39e90264f33305004495a9","hash":"8dfdf32ae137c64f8284fc633fc5fc36f68bd44e"}
,"/home/matheus/Documentos/projects/frontend-landing-page-js/src/templates/App/styles.js": {"path":"/home/matheus/Documentos/projects/frontend-landing-page-js/src/templates/App/styles.js","statementMap":{"0":{"start":{"line":3,"column":25},"end":{"line":5,"column":1}}},"fnMap":{},"branchMap":{},"s":{"0":1},"f":{},"b":{},"_coverageSchema":"1a1c01bbd47fc00a2c39e90264f33305004495a9","hash":"f8d638988db4bc05553364209bb56e81456b2fc2"}
}
