{"/home/matheus/Documentos/projects/frontend-landing-page-js/src/main.jsx": {"path":"/home/matheus/Documentos/projects/frontend-landing-page-js/src/main.jsx","statementMap":{"0":{"start":{"line":7,"column":0},"end":{"line":13,"column":2}}},"fnMap":{},"branchMap":{},"s":{"0":0},"f":{},"b":{}}
,"/home/matheus/Documentos/projects/frontend-landing-page-js/src/components/Heading/index.jsx": {"path":"/home/matheus/Documentos/projects/frontend-landing-page-js/src/components/Heading/index.jsx","statementMap":{"0":{"start":{"line":4,"column":23},"end":{"line":21,"column":1}},"1":{"start":{"line":11,"column":2},"end":{"line":20,"column":4}},"2":{"start":{"line":23,"column":0},"end":{"line":29,"column":2}}},"fnMap":{"0":{"name":"(anonymous_0)","decl":{"start":{"line":4,"column":23},"end":{"line":4,"column":24}},"loc":{"start":{"line":10,"column":6},"end":{"line":21,"column":1}},"line":10}},"branchMap":{"0":{"loc":{"start":{"line":6,"column":2},"end":{"line":6,"column":19}},"type":"default-arg","locations":[{"start":{"line":6,"column":15},"end":{"line":6,"column":19}}],"line":6},"1":{"loc":{"start":{"line":7,"column":2},"end":{"line":7,"column":11}},"type":"default-arg","locations":[{"start":{"line":7,"column":7},"end":{"line":7,"column":11}}],"line":7},"2":{"loc":{"start":{"line":8,"column":2},"end":{"line":8,"column":15}},"type":"default-arg","locations":[{"start":{"line":8,"column":9},"end":{"line":8,"column":15}}],"line":8},"3":{"loc":{"start":{"line":9,"column":2},"end":{"line":9,"column":19}},"type":"default-arg","locations":[{"start":{"line":9,"column":15},"end":{"line":9,"column":19}}],"line":9}},"s":{"0":2,"1":10,"2":2},"f":{"0":10},"b":{"0":[9],"1":[9],"2":[6],"3":[9]},"_coverageSchema":"1a1c01bbd47fc00a2c39e90264f33305004495a9","hash":"78d9eb70f01ef69ca92c4b41552b92ee094ad111"}
,"/home/matheus/Documentos/projects/frontend-landing-page-js/src/components/Heading/styled.js": {"path":"/home/matheus/Documentos/projects/frontend-landing-page-js/src/components/Heading/styled.js","statementMap":{"0":{"start":{"line":3,"column":18},"end":{"line":17,"column":1}},"1":{"start":{"line":4,"column":20},"end":{"line":6,"column":3}},"2":{"start":{"line":7,"column":21},"end":{"line":9,"column":3}},"3":{"start":{"line":10,"column":18},"end":{"line":12,"column":3}},"4":{"start":{"line":13,"column":19},"end":{"line":16,"column":1}},"5":{"start":{"line":19,"column":21},"end":{"line":26,"column":1}},"6":{"start":{"line":20,"column":48},"end":{"line":25,"column":2}},"7":{"start":{"line":28,"column":18},"end":{"line":30,"column":1}},"8":{"start":{"line":28,"column":34},"end":{"line":30,"column":1}},"9":{"start":{"line":32,"column":18},"end":{"line":36,"column":1}},"10":{"start":{"line":32,"column":29},"end":{"line":36,"column":1}}},"fnMap":{"0":{"name":"(anonymous_0)","decl":{"start":{"line":4,"column":9},"end":{"line":4,"column":10}},"loc":{"start":{"line":4,"column":20},"end":{"line":6,"column":3}},"line":4},"1":{"name":"(anonymous_1)","decl":{"start":{"line":7,"column":10},"end":{"line":7,"column":11}},"loc":{"start":{"line":7,"column":21},"end":{"line":9,"column":3}},"line":7},"2":{"name":"(anonymous_2)","decl":{"start":{"line":10,"column":7},"end":{"line":10,"column":8}},"loc":{"start":{"line":10,"column":18},"end":{"line":12,"column":3}},"line":10},"3":{"name":"(anonymous_3)","decl":{"start":{"line":13,"column":8},"end":{"line":13,"column":9}},"loc":{"start":{"line":13,"column":19},"end":{"line":16,"column":1}},"line":13},"4":{"name":"(anonymous_4)","decl":{"start":{"line":20,"column":3},"end":{"line":20,"column":4}},"loc":{"start":{"line":20,"column":48},"end":{"line":25,"column":2}},"line":20},"5":{"name":"(anonymous_5)","decl":{"start":{"line":28,"column":18},"end":{"line":28,"column":19}},"loc":{"start":{"line":28,"column":34},"end":{"line":30,"column":1}},"line":28},"6":{"name":"(anonymous_6)","decl":{"start":{"line":32,"column":18},"end":{"line":32,"column":19}},"loc":{"start":{"line":32,"column":29},"end":{"line":36,"column":1}},"line":32}},"branchMap":{"0":{"loc":{"start":{"line":21,"column":11},"end":{"line":21,"column":62}},"type":"cond-expr","locations":[{"start":{"line":21,"column":24},"end":{"line":21,"column":41}},{"start":{"line":21,"column":44},"end":{"line":21,"column":62}}],"line":21},"1":{"loc":{"start":{"line":29,"column":20},"end":{"line":29,"column":53}},"type":"cond-expr","locations":[{"start":{"line":29,"column":33},"end":{"line":29,"column":44}},{"start":{"line":29,"column":47},"end":{"line":29,"column":53}}],"line":29}},"s":{"0":2,"1":1,"2":1,"3":1,"4":7,"5":2,"6":10,"7":2,"8":10,"9":2,"10":17},"f":{"0":1,"1":1,"2":1,"3":7,"4":10,"5":10,"6":17},"b":{"0":[9,1],"1":[10,0]},"_coverageSchema":"1a1c01bbd47fc00a2c39e90264f33305004495a9","hash":"d6bd1fe940ff2d61511edc4ff984f93eee023a48"}
,"/home/matheus/Documentos/projects/frontend-landing-page-js/src/components/MenuLink/index.jsx": {"path":"/home/matheus/Documentos/projects/frontend-landing-page-js/src/components/MenuLink/index.jsx","statementMap":{"0":{"start":{"line":4,"column":24},"end":{"line":11,"column":1}},"1":{"start":{"line":5,"column":17},"end":{"line":5,"column":44}},"2":{"start":{"line":6,"column":2},"end":{"line":10,"column":4}},"3":{"start":{"line":13,"column":0},"end":{"line":17,"column":2}}},"fnMap":{"0":{"name":"(anonymous_0)","decl":{"start":{"line":4,"column":24},"end":{"line":4,"column":25}},"loc":{"start":{"line":4,"column":64},"end":{"line":11,"column":1}},"line":4}},"branchMap":{"0":{"loc":{"start":{"line":4,"column":43},"end":{"line":4,"column":57}},"type":"default-arg","locations":[{"start":{"line":4,"column":52},"end":{"line":4,"column":57}}],"line":4},"1":{"loc":{"start":{"line":5,"column":17},"end":{"line":5,"column":44}},"type":"cond-expr","locations":[{"start":{"line":5,"column":26},"end":{"line":5,"column":34}},{"start":{"line":5,"column":37},"end":{"line":5,"column":44}}],"line":5}},"s":{"0":2,"1":19,"2":19,"3":2},"f":{"0":19},"b":{"0":[2],"1":[1,18]},"_coverageSchema":"1a1c01bbd47fc00a2c39e90264f33305004495a9","hash":"b97961de0afac434123f686064e9307d8b1f8e82"}
,"/home/matheus/Documentos/projects/frontend-landing-page-js/src/components/MenuLink/styled.js": {"path":"/home/matheus/Documentos/projects/frontend-landing-page-js/src/components/MenuLink/styled.js","statementMap":{"0":{"start":{"line":4,"column":25},"end":{"line":34,"column":1}},"1":{"start":{"line":5,"column":17},"end":{"line":33,"column":1}}},"fnMap":{"0":{"name":"(anonymous_0)","decl":{"start":{"line":5,"column":2},"end":{"line":5,"column":3}},"loc":{"start":{"line":5,"column":17},"end":{"line":33,"column":1}},"line":5}},"branchMap":{},"s":{"0":2,"1":19},"f":{"0":19},"b":{},"_coverageSchema":"1a1c01bbd47fc00a2c39e90264f33305004495a9","hash":"ea076c32f594bb711e27d036fb70f81f476b7bf5"}
,"/home/matheus/Documentos/projects/frontend-landing-page-js/src/components/NavLinks/index.jsx": {"path":"/home/matheus/Documentos/projects/frontend-landing-page-js/src/components/NavLinks/index.jsx","statementMap":{"0":{"start":{"line":5,"column":24},"end":{"line":13,"column":1}},"1":{"start":{"line":6,"column":2},"end":{"line":12,"column":4}},"2":{"start":{"line":9,"column":8},"end":{"line":9,"column":46}},"3":{"start":{"line":15,"column":0},"end":{"line":23,"column":2}}},"fnMap":{"0":{"name":"(anonymous_0)","decl":{"start":{"line":5,"column":24},"end":{"line":5,"column":25}},"loc":{"start":{"line":5,"column":44},"end":{"line":13,"column":1}},"line":5},"1":{"name":"(anonymous_1)","decl":{"start":{"line":8,"column":17},"end":{"line":8,"column":18}},"loc":{"start":{"line":9,"column":8},"end":{"line":9,"column":46}},"line":9}},"branchMap":{"0":{"loc":{"start":{"line":5,"column":27},"end":{"line":5,"column":37}},"type":"default-arg","locations":[{"start":{"line":5,"column":35},"end":{"line":5,"column":37}}],"line":5}},"s":{"0":1,"1":3,"2":16,"3":1},"f":{"0":3,"1":16},"b":{"0":[1]},"_coverageSchema":"1a1c01bbd47fc00a2c39e90264f33305004495a9","hash":"c4286e84c628bebce9b57e6b10e33c744b8f37bf"}
,"/home/matheus/Documentos/projects/frontend-landing-page-js/src/components/NavLinks/styled.js": {"path":"/home/matheus/Documentos/projects/frontend-landing-page-js/src/components/NavLinks/styled.js","statementMap":{"0":{"start":{"line":4,"column":25},"end":{"line":15,"column":1}},"1":{"start":{"line":5,"column":17},"end":{"line":14,"column":1}}},"fnMap":{"0":{"name":"(anonymous_0)","decl":{"start":{"line":5,"column":2},"end":{"line":5,"column":3}},"loc":{"start":{"line":5,"column":17},"end":{"line":14,"column":1}},"line":5}},"branchMap":{},"s":{"0":1,"1":3},"f":{"0":3},"b":{},"_coverageSchema":"1a1c01bbd47fc00a2c39e90264f33305004495a9","hash":"a21296aebd23a8841d482d4ab847456224b25771"}
,"/home/matheus/Documentos/projects/frontend-landing-page-js/src/components/Text/index.jsx": {"path":"/home/matheus/Documentos/projects/frontend-landing-page-js/src/components/Text/index.jsx","statementMap":{"0":{"start":{"line":4,"column":20},"end":{"line":6,"column":1}},"1":{"start":{"line":5,"column":2},"end":{"line":5,"column":57}},"2":{"start":{"line":8,"column":0},"end":{"line":10,"column":2}}},"fnMap":{"0":{"name":"(anonymous_0)","decl":{"start":{"line":4,"column":20},"end":{"line":4,"column":21}},"loc":{"start":{"line":4,"column":38},"end":{"line":6,"column":1}},"line":4}},"branchMap":{},"s":{"0":1,"1":2,"2":1},"f":{"0":2},"b":{},"_coverageSchema":"1a1c01bbd47fc00a2c39e90264f33305004495a9","hash":"91b5d853113fa0f144f0bc3fb9dfd65a1c47f9fb"}
,"/home/matheus/Documentos/projects/frontend-landing-page-js/src/components/Text/styled.js": {"path":"/home/matheus/Documentos/projects/frontend-landing-page-js/src/components/Text/styled.js","statementMap":{"0":{"start":{"line":3,"column":25},"end":{"line":7,"column":1}},"1":{"start":{"line":4,"column":17},"end":{"line":6,"column":1}}},"fnMap":{"0":{"name":"(anonymous_0)","decl":{"start":{"line":4,"column":2},"end":{"line":4,"column":3}},"loc":{"start":{"line":4,"column":17},"end":{"line":6,"column":1}},"line":4}},"branchMap":{},"s":{"0":1,"1":2},"f":{"0":2},"b":{},"_coverageSchema":"1a1c01bbd47fc00a2c39e90264f33305004495a9","hash":"4f2584598e67f5509637160026e69e0c55686e4f"}
,"/home/matheus/Documentos/projects/frontend-landing-page-js/src/templates/App/index.jsx": {"path":"/home/matheus/Documentos/projects/frontend-landing-page-js/src/templates/App/index.jsx","statementMap":{"0":{"start":{"line":5,"column":19},"end":{"line":11,"column":1}},"1":{"start":{"line":6,"column":2},"end":{"line":10,"column":4}},"2":{"start":{"line":13,"column":0},"end":{"line":15,"column":2}}},"fnMap":{"0":{"name":"(anonymous_0)","decl":{"start":{"line":5,"column":19},"end":{"line":5,"column":20}},"loc":{"start":{"line":5,"column":25},"end":{"line":11,"column":1}},"line":5}},"branchMap":{},"s":{"0":1,"1":1,"2":1},"f":{"0":1},"b":{},"_coverageSchema":"1a1c01bbd47fc00a2c39e90264f33305004495a9","hash":"8dfdf32ae137c64f8284fc633fc5fc36f68bd44e"}
,"/home/matheus/Documentos/projects/frontend-landing-page-js/src/templates/App/styles.js": {"path":"/home/matheus/Documentos/projects/frontend-landing-page-js/src/templates/App/styles.js","statementMap":{"0":{"start":{"line":3,"column":25},"end":{"line":5,"column":1}}},"fnMap":{},"branchMap":{},"s":{"0":1},"f":{},"b":{},"_coverageSchema":"1a1c01bbd47fc00a2c39e90264f33305004495a9","hash":"f8d638988db4bc05553364209bb56e81456b2fc2"}
}
