TN:
SF:src/main.jsx
FNF:0
FNH:0
DA:7,0
LF:1
LH:0
BRF:0
BRH:0
end_of_record
TN:
SF:src/components/Heading/index.jsx
FN:4,(anonymous_0)
FNF:1
FNH:1
FNDA:9,(anonymous_0)
DA:4,2
DA:11,9
DA:23,2
LF:3
LH:3
BRDA:6,0,0,8
BRDA:7,1,0,8
BRDA:8,2,0,5
BRDA:9,3,0,8
BRF:4
BRH:4
end_of_record
TN:
SF:src/components/Heading/styled.js
FN:4,(anonymous_0)
FN:7,(anonymous_1)
FN:10,(anonymous_2)
FN:13,(anonymous_3)
FN:20,(anonymous_4)
FN:27,(anonymous_5)
FN:31,(anonymous_6)
FNF:7
FNH:7
FNDA:1,(anonymous_0)
FNDA:1,(anonymous_1)
FNDA:1,(anonymous_2)
FNDA:6,(anonymous_3)
FNDA:9,(anonymous_4)
FNDA:9,(anonymous_5)
FNDA:6,(anonymous_6)
DA:3,2
DA:4,1
DA:7,1
DA:10,1
DA:13,6
DA:19,2
DA:20,9
DA:27,9
DA:31,6
LF:9
LH:9
BRDA:21,0,0,8
BRDA:21,0,1,1
BRDA:28,1,0,9
BRDA:28,1,1,0
BRF:4
BRH:3
end_of_record
TN:
SF:src/templates/App/index.jsx
FN:5,(anonymous_0)
FNF:1
FNH:1
FNDA:1,(anonymous_0)
DA:5,1
DA:6,1
DA:13,1
LF:3
LH:3
BRF:0
BRH:0
end_of_record
TN:
SF:src/templates/App/styles.js
FNF:0
FNH:0
DA:3,1
LF:1
LH:1
BRF:0
BRH:0
end_of_record
